Using pre-set license
Built from '2020.3/staging' branch; Version is '2020.3.30f1 (1fb1bf06830e) revision 2077119'; Using compiler version '192528614'; Build Type 'Release'
OS: 'Windows 10  (10.0.19044) 64bit Professional' Language: 'es' Physical Memory: 32712 MB
BatchMode: 1, IsHumanControllingUs: 0, StartBugReporterOnCrash: 0, Is64bit: 1, IsPro: 0

COMMAND LINE ARGUMENTS:
C:\Program Files\Unity\Hub\Editor\2020.3.30f1\Editor\Unity.exe
-adb2
-batchMode
-noUpm
-name
AssetImportWorker0
-projectPath
C:/Users/Diego/God Slayer
-logFile
Logs/AssetImportWorker0.log
-srvPort
56621
Successfully changed project path to: C:/Users/Diego/God Slayer
C:/Users/Diego/God Slayer
Using Asset Import Pipeline V2.
Refreshing native plugins compatible for Editor in 63.07 ms, found 3 plugins.
Preloading 0 native plugins for Editor in 0.00 ms.
Initialize engine version: 2020.3.30f1 (1fb1bf06830e)
[Subsystems] Discovering subsystems at path C:/Program Files/Unity/Hub/Editor/2020.3.30f1/Editor/Data/Resources/UnitySubsystems
[Subsystems] Discovering subsystems at path C:/Users/Diego/God Slayer/Assets
GfxDevice: creating device client; threaded=0
Direct3D:
    Version:  Direct3D 11.0 [level 11.1]
    Renderer: NVIDIA GeForce GTX 1660 SUPER (ID=0x21c4)
    Vendor:   
    VRAM:     5991 MB
    Driver:   30.0.15.1259
Initialize mono
Mono path[0] = 'C:/Program Files/Unity/Hub/Editor/2020.3.30f1/Editor/Data/Managed'
Mono path[1] = 'C:/Program Files/Unity/Hub/Editor/2020.3.30f1/Editor/Data/MonoBleedingEdge/lib/mono/unityjit'
Mono config path = 'C:/Program Files/Unity/Hub/Editor/2020.3.30f1/Editor/Data/MonoBleedingEdge/etc'
Using monoOptions --debugger-agent=transport=dt_socket,embedding=1,server=y,suspend=n,address=127.0.0.1:56324
Begin MonoManager ReloadAssembly
Registering precompiled unity dll's ...
Register platform support module: C:/Program Files/Unity/Hub/Editor/2020.3.30f1/Editor/Data/PlaybackEngines/WebGLSupport/UnityEditor.WebGL.Extensions.dll
Register platform support module: C:/Program Files/Unity/Hub/Editor/2020.3.30f1/Editor/Data/PlaybackEngines/WindowsStandaloneSupport/UnityEditor.WindowsStandalone.Extensions.dll
Registered in 0.002484 seconds.
Native extension for WindowsStandalone target not found
Native extension for WebGL target not found
Refreshing native plugins compatible for Editor in 86.72 ms, found 3 plugins.
Preloading 0 native plugins for Editor in 0.00 ms.
Mono: successfully reloaded assembly
- Completed reload, in  0.569 seconds
Domain Reload Profiling:
	ReloadAssembly (569ms)
		BeginReloadAssembly (55ms)
			ExecutionOrderSort (0ms)
			DisableScriptedObjects (0ms)
			BackupInstance (0ms)
			ReleaseScriptingObjects (0ms)
			CreateAndSetChildDomain (1ms)
		EndReloadAssembly (446ms)
			LoadAssemblies (53ms)
			RebuildTransferFunctionScriptingTraits (0ms)
			SetupTypeCache (136ms)
			ReleaseScriptCaches (0ms)
			RebuildScriptCaches (26ms)
			SetupLoadedEditorAssemblies (195ms)
				LogAssemblyErrors (0ms)
				InitializePlatformSupportModulesInManaged (4ms)
				SetLoadedEditorAssemblies (0ms)
				RefreshPlugins (87ms)
				BeforeProcessingInitializeOnLoad (14ms)
				ProcessInitializeOnLoadAttributes (68ms)
				ProcessInitializeOnLoadMethodAttributes (22ms)
				AfterProcessingInitializeOnLoad (0ms)
				EditorAssembliesLoaded (0ms)
			ExecutionOrderSort2 (0ms)
			AwakeInstancesAfterBackupRestoration (0ms)
Platform modules already initialized, skipping
Registering precompiled user dll's ...
Registered in 0.003709 seconds.
Begin MonoManager ReloadAssembly
Native extension for WindowsStandalone target not found
Native extension for WebGL target not found
Refreshing native plugins compatible for Editor in 67.54 ms, found 3 plugins.
Preloading 0 native plugins for Editor in 0.00 ms.
Mono: successfully reloaded assembly
- Completed reload, in  1.128 seconds
Domain Reload Profiling:
	ReloadAssembly (1128ms)
		BeginReloadAssembly (133ms)
			ExecutionOrderSort (0ms)
			DisableScriptedObjects (4ms)
			BackupInstance (0ms)
			ReleaseScriptingObjects (0ms)
			CreateAndSetChildDomain (16ms)
		EndReloadAssembly (938ms)
			LoadAssemblies (91ms)
			RebuildTransferFunctionScriptingTraits (0ms)
			SetupTypeCache (295ms)
			ReleaseScriptCaches (1ms)
			RebuildScriptCaches (76ms)
			SetupLoadedEditorAssemblies (353ms)
				LogAssemblyErrors (0ms)
				InitializePlatformSupportModulesInManaged (4ms)
				SetLoadedEditorAssemblies (0ms)
				RefreshPlugins (68ms)
				BeforeProcessingInitializeOnLoad (97ms)
				ProcessInitializeOnLoadAttributes (165ms)
				ProcessInitializeOnLoadMethodAttributes (13ms)
				AfterProcessingInitializeOnLoad (7ms)
				EditorAssembliesLoaded (0ms)
			ExecutionOrderSort2 (0ms)
			AwakeInstancesAfterBackupRestoration (6ms)
Platform modules already initialized, skipping
========================================================================
Worker process is ready to serve import requests
Launched and connected shader compiler UnityShaderCompiler.exe after 0.05 seconds
Refreshing native plugins compatible for Editor in 0.68 ms, found 3 plugins.
Preloading 0 native plugins for Editor in 0.00 ms.
Unloading 3440 Unused Serialized files (Serialized files now loaded: 0)
System memory in use before: 162.0 MB.
System memory in use after: 162.1 MB.

Unloading 31 unused Assets to reduce memory usage. Loaded Objects now: 3887.
Total: 3.365700 ms (FindLiveObjects: 0.302600 ms CreateObjectMapping: 0.078100 ms MarkObjects: 2.841700 ms  DeleteObjects: 0.142500 ms)

AssetImportParameters requested are different than current active one (requested -> active):
  custom:framework-win-MediaFoundation: 216162199b28c13a410421893ffa2e32 -> 
  custom:video-decoder-ogg-theora: a1e56fd34408186e4bbccfd4996cb3dc -> 
  custom:container-muxer-webm: aa71ff27fc2769a1b78a27578f13a17b -> 
  custom:container-demuxer-webm: 4f35f7cbe854078d1ac9338744f61a02 -> 
  custom:container-demuxer-ogg: 62fdf1f143b41e24485cea50d1cbac27 -> 
  custom:video-encoder-webm-vp8: eb34c28f22e8b96e1ab97ce403110664 -> 
  custom:video-decoder-webm-vp8: 9c59270c3fd7afecdb556c50c9e8de78 -> 
  custom:audio-decoder-ogg-vorbis: bf7c407c2cedff20999df2af8eb42d56 -> 
  custom:audio-encoder-webm-vorbis: bf7c407c2cedff20999df2af8eb42d56 -> 
========================================================================
Received Import Request.
  path: Assets/Scripts/Loadout.cs
  artifactKey: Guid(399a7be8a2870054caedafa9c604aa00) Importer(815301076,1909f56bfc062723c751e8b465ee728b)
Start importing Assets/Scripts/Loadout.cs using Guid(399a7be8a2870054caedafa9c604aa00) Importer(815301076,1909f56bfc062723c751e8b465ee728b)  -> (artifact id: '0e7684ec87668bc6fb7cf60cf44cf003') in 0.026297 seconds 
========================================================================
Received Prepare
Registering precompiled user dll's ...
Registered in 0.003507 seconds.
Begin MonoManager ReloadAssembly
Native extension for WindowsStandalone target not found
Native extension for WebGL target not found
Refreshing native plugins compatible for Editor in 0.66 ms, found 3 plugins.
Preloading 0 native plugins for Editor in 0.00 ms.
Mono: successfully reloaded assembly
- Completed reload, in  0.925 seconds
Domain Reload Profiling:
	ReloadAssembly (926ms)
		BeginReloadAssembly (106ms)
			ExecutionOrderSort (0ms)
			DisableScriptedObjects (5ms)
			BackupInstance (0ms)
			ReleaseScriptingObjects (0ms)
			CreateAndSetChildDomain (31ms)
		EndReloadAssembly (765ms)
			LoadAssemblies (88ms)
			RebuildTransferFunctionScriptingTraits (0ms)
			SetupTypeCache (272ms)
			ReleaseScriptCaches (1ms)
			RebuildScriptCaches (40ms)
			SetupLoadedEditorAssemblies (270ms)
				LogAssemblyErrors (0ms)
				InitializePlatformSupportModulesInManaged (4ms)
				SetLoadedEditorAssemblies (0ms)
				RefreshPlugins (1ms)
				BeforeProcessingInitializeOnLoad (88ms)
				ProcessInitializeOnLoadAttributes (161ms)
				ProcessInitializeOnLoadMethodAttributes (9ms)
				AfterProcessingInitializeOnLoad (6ms)
				EditorAssembliesLoaded (0ms)
			ExecutionOrderSort2 (0ms)
			AwakeInstancesAfterBackupRestoration (10ms)
Platform modules already initialized, skipping
Refreshing native plugins compatible for Editor in 0.67 ms, found 3 plugins.
Preloading 0 native plugins for Editor in 0.00 ms.
Unloading 3318 Unused Serialized files (Serialized files now loaded: 0)
System memory in use before: 153.7 MB.
System memory in use after: 153.8 MB.

Unloading 21 unused Assets to reduce memory usage. Loaded Objects now: 3889.
Total: 3.236500 ms (FindLiveObjects: 0.283200 ms CreateObjectMapping: 0.090200 ms MarkObjects: 2.739900 ms  DeleteObjects: 0.122400 ms)

AssetImportParameters requested are different than current active one (requested -> active):
  custom:framework-win-MediaFoundation: 216162199b28c13a410421893ffa2e32 -> 
  custom:video-decoder-ogg-theora: a1e56fd34408186e4bbccfd4996cb3dc -> 
  custom:container-muxer-webm: aa71ff27fc2769a1b78a27578f13a17b -> 
  custom:container-demuxer-webm: 4f35f7cbe854078d1ac9338744f61a02 -> 
  custom:container-demuxer-ogg: 62fdf1f143b41e24485cea50d1cbac27 -> 
  custom:video-encoder-webm-vp8: eb34c28f22e8b96e1ab97ce403110664 -> 
  custom:video-decoder-webm-vp8: 9c59270c3fd7afecdb556c50c9e8de78 -> 
  custom:audio-decoder-ogg-vorbis: bf7c407c2cedff20999df2af8eb42d56 -> 
  custom:audio-encoder-webm-vorbis: bf7c407c2cedff20999df2af8eb42d56 -> 
========================================================================
Received Import Request.
  Time since last request: 3.672434 seconds.
  path: Assets/Resources/Prefabs/Frost Giant.prefab
  artifactKey: Guid(2e7244ff956a5864ca35f2642d9ff075) Importer(815301076,1909f56bfc062723c751e8b465ee728b)
Start importing Assets/Resources/Prefabs/Frost Giant.prefab using Guid(2e7244ff956a5864ca35f2642d9ff075) Importer(815301076,1909f56bfc062723c751e8b465ee728b)  -> (artifact id: '952793cf7307f358d37846e39d8c947a') in 0.231494 seconds 
========================================================================
Received Import Request.
  Time since last request: 1158.273103 seconds.
  path: Assets/Scripts/Ability.cs
  artifactKey: Guid(a825f2b72050609418c930fa662a7511) Importer(815301076,1909f56bfc062723c751e8b465ee728b)
Start importing Assets/Scripts/Ability.cs using Guid(a825f2b72050609418c930fa662a7511) Importer(815301076,1909f56bfc062723c751e8b465ee728b)  -> (artifact id: '6a92b449dc92c1e48af1d548e685bbb5') in 0.005858 seconds 
========================================================================
Received Import Request.
  Time since last request: 2384.370722 seconds.
  path: Assets/2D Renderer.asset
  artifactKey: Guid(bf362a85d71cea148b4738b7c2dcda9c) Importer(815301076,1909f56bfc062723c751e8b465ee728b)
Start importing Assets/2D Renderer.asset using Guid(bf362a85d71cea148b4738b7c2dcda9c) Importer(815301076,1909f56bfc062723c751e8b465ee728b)  -> (artifact id: '11a748ef5ce1583899e386bf4c9142c6') in 0.013842 seconds 
========================================================================
Received Import Request.
  Time since last request: 514.493475 seconds.
  path: Assets/Scenes/Level 1.unity
  artifactKey: Guid(78872db08d7cd7848a33b4067339df37) Importer(815301076,1909f56bfc062723c751e8b465ee728b)
Start importing Assets/Scenes/Level 1.unity using Guid(78872db08d7cd7848a33b4067339df37) Importer(815301076,1909f56bfc062723c751e8b465ee728b)  -> (artifact id: '7d5380ad10f6f0f0773e66f3ea4f2f2c') in 0.006749 seconds 
========================================================================
Received Import Request.
  Time since last request: 588.813017 seconds.
  path: Assets/Scenes/SplashScreen.unity
  artifactKey: Guid(079ed6c8978e4044bbeb1fa0f9c4e78c) Importer(815301076,1909f56bfc062723c751e8b465ee728b)
Start importing Assets/Scenes/SplashScreen.unity using Guid(079ed6c8978e4044bbeb1fa0f9c4e78c) Importer(815301076,1909f56bfc062723c751e8b465ee728b)  -> (artifact id: 'baf04eac498a19647c479bcff4bccb08') in 0.006539 seconds 
========================================================================
Received Import Request.
  Time since last request: 19.943335 seconds.
  path: Assets/Artwork/Animations/sword_idle.anim
  artifactKey: Guid(b43051d04eefcc04395e0fd78ab08579) Importer(815301076,1909f56bfc062723c751e8b465ee728b)
Start importing Assets/Artwork/Animations/sword_idle.anim using Guid(b43051d04eefcc04395e0fd78ab08579) Importer(815301076,1909f56bfc062723c751e8b465ee728b)  -> (artifact id: '3d53fc22141d65461cf3f952f2d10057') in 0.012307 seconds 
========================================================================
Received Import Request.
  Time since last request: 653.163692 seconds.
  path: Assets/Scenes/Level 2.unity
  artifactKey: Guid(b28252d0566fcf748a198c239293ae07) Importer(815301076,1909f56bfc062723c751e8b465ee728b)
Start importing Assets/Scenes/Level 2.unity using Guid(b28252d0566fcf748a198c239293ae07) Importer(815301076,1909f56bfc062723c751e8b465ee728b)  -> (artifact id: 'f2b2cece7207db090b8d35425a6a3a2c') in 0.006529 seconds 
========================================================================
Received Import Request.
  Time since last request: 544.550765 seconds.
  path: Assets/Resources/Prefabs/Bosses
  artifactKey: Guid(2f6ab847f39131c48b4b5e6e25aac2a4) Importer(815301076,1909f56bfc062723c751e8b465ee728b)
Start importing Assets/Resources/Prefabs/Bosses using Guid(2f6ab847f39131c48b4b5e6e25aac2a4) Importer(815301076,1909f56bfc062723c751e8b465ee728b)  -> (artifact id: '743cd86cf2eaa1e8903fa3b3ec804e72') in 0.006149 seconds 
========================================================================
Received Import Request.
  Time since last request: 6.621504 seconds.
  path: Assets/Resources/Prefabs/Bosses/Frost Giant
  artifactKey: Guid(22f9b74a82e33af4aab4cedf3603dad0) Importer(815301076,1909f56bfc062723c751e8b465ee728b)
Start importing Assets/Resources/Prefabs/Bosses/Frost Giant using Guid(22f9b74a82e33af4aab4cedf3603dad0) Importer(815301076,1909f56bfc062723c751e8b465ee728b)  -> (artifact id: '538bfdc01c0690ec748df5dfe30e920a') in 0.011172 seconds 
========================================================================
Received Import Request.
  Time since last request: 11.331297 seconds.
  path: Assets/Resources/Prefabs/Floating Text
  artifactKey: Guid(e5059c40e372d064e936750bd73dd90b) Importer(815301076,1909f56bfc062723c751e8b465ee728b)
Start importing Assets/Resources/Prefabs/Floating Text using Guid(e5059c40e372d064e936750bd73dd90b) Importer(815301076,1909f56bfc062723c751e8b465ee728b)  -> (artifact id: 'ade656a1dd8f147c5bbd129b43401a38') in 0.008618 seconds 
========================================================================
Received Import Request.
  Time since last request: 238.455869 seconds.
  path: Assets/Artwork/Animations/FrostGiantDeath.controller
  artifactKey: Guid(0d0a194a7ae68df46bcd68685cb5bd40) Importer(815301076,1909f56bfc062723c751e8b465ee728b)
Start importing Assets/Artwork/Animations/FrostGiantDeath.controller using Guid(0d0a194a7ae68df46bcd68685cb5bd40) Importer(815301076,1909f56bfc062723c751e8b465ee728b)  -> (artifact id: '96b87aa8231229fb067fb44eac129d10') in 0.043269 seconds 
========================================================================
Received Import Request.
  Time since last request: 8.903348 seconds.
  path: Assets/Artwork/Animations/deathscreen_hidden.anim
  artifactKey: Guid(a8e1069345f26384385ac43b2218768b) Importer(815301076,1909f56bfc062723c751e8b465ee728b)
Start importing Assets/Artwork/Animations/deathscreen_hidden.anim using Guid(a8e1069345f26384385ac43b2218768b) Importer(815301076,1909f56bfc062723c751e8b465ee728b)  -> (artifact id: 'b9cf25420ed4747f13b98423dad4af5c') in 0.011446 seconds 
========================================================================
Received Import Request.
  Time since last request: 0.388736 seconds.
  path: Assets/Artwork/Animations/DeathScreen.controller
  artifactKey: Guid(5a23a8454127d48499cb3cf6d2132870) Importer(815301076,1909f56bfc062723c751e8b465ee728b)
Start importing Assets/Artwork/Animations/DeathScreen.controller using Guid(5a23a8454127d48499cb3cf6d2132870) Importer(815301076,1909f56bfc062723c751e8b465ee728b)  -> (artifact id: '2b36e1cb2faad98289215ae0c93192ca') in 0.011123 seconds 
========================================================================
Received Import Request.
  Time since last request: 1.600219 seconds.
  path: Assets/Artwork/Animations/Sword.controller
  artifactKey: Guid(00f15184b5ae58d4495ca69830be86ea) Importer(815301076,1909f56bfc062723c751e8b465ee728b)
Start importing Assets/Artwork/Animations/Sword.controller using Guid(00f15184b5ae58d4495ca69830be86ea) Importer(815301076,1909f56bfc062723c751e8b465ee728b)  -> (artifact id: '409d0bfb68359c0835b10e20c554f7ab') in 0.011577 seconds 
AssetImportWorkerClient::OnTransportError - code=2 error=End of file
